<?xml version="1.0" encoding="UTF-8"?>
<!-- Generated by org.testng.reporters.JUnitReportReporter -->
<testsuite hostname="Shivanagayya" failures="0" tests="1" name="testPrograms.ErrorValidationsTest" time="7.032" errors="0" timestamp="2023-08-15T19:03:57 IST" skipped="0">
  <testcase classname="testPrograms.ErrorValidationsTest" name="submiteOrder" time="7.032"/>
  <system-out/>
</testsuite> <!-- testPrograms.ErrorValidationsTest -->
