<?xml version="1.0" encoding="UTF-8"?>
<!-- Generated by org.testng.reporters.JUnitReportReporter -->
<testsuite hostname="Shivanagayya" failures="0" tests="3" name="testPrograms.SubmitOrderTest" time="96.028" errors="0" timestamp="23 Aug 2023 18:15:09 GMT" skipped="0">
  <testcase classname="testPrograms.SubmitOrderTest" name="submiteOrder" time="67.804"/>
  <testcase classname="testPrograms.SubmitOrderTest" name="submiteOrder" time="21.196"/>
  <testcase classname="testPrograms.SubmitOrderTest" name="orderHistoryTest" time="7.028"/>
</testsuite> <!-- testPrograms.SubmitOrderTest -->
