<?xml version="1.0" encoding="UTF-8"?>
<!-- Generated by org.testng.reporters.JUnitReportReporter -->
<testsuite hostname="Shivanagayya" failures="0" tests="6" name="orangeHRMS.Tests.SubmitTest" time="21.377" errors="0" timestamp="2023-09-18T22:43:55 IST" skipped="0">
  <testcase classname="orangeHRMS.Tests.SubmitTest" name="OrangeHRMS_OpenPIMPage_AddEmployee" time="4.234"/>
  <system-out/>
  <testcase classname="orangeHRMS.Tests.SubmitTest" name="OrangeHRMS_OpenPIMPage_AddEmployee" time="3.665"/>
  <system-out/>
  <testcase classname="orangeHRMS.Tests.SubmitTest" name="OrangeHRMS_LoginPage" time="1.018"/>
  <system-out/>
  <testcase classname="orangeHRMS.Tests.SubmitTest" name="OrangeHRMS_OpenPIMPage_AddEmployee" time="3.914"/>
  <system-out/>
  <testcase classname="orangeHRMS.Tests.SubmitTest" name="OrangeHRMS_OpenPIMPage_AddEmployee" time="4.707"/>
  <system-out/>
  <testcase classname="orangeHRMS.Tests.SubmitTest" name="OrangeHRMS_OpenPIMPage_AddEmployee" time="3.839"/>
  <system-out/>
</testsuite> <!-- orangeHRMS.Tests.SubmitTest -->
