<?xml version="1.0" encoding="UTF-8"?>
<!-- Generated by org.testng.reporters.JUnitReportReporter -->
<testsuite hostname="Shivanagayya" failures="0" tests="2" name="testPrograms.SubmitOrderTest" time="88.571" errors="0" timestamp="2023-08-16T00:03:11 IST" skipped="0">
  <testcase classname="testPrograms.SubmitOrderTest" name="submiteOrder" time="66.217"/>
  <system-out/>
  <testcase classname="testPrograms.SubmitOrderTest" name="submiteOrder" time="22.354"/>
  <system-out/>
</testsuite> <!-- testPrograms.SubmitOrderTest -->
