<?xml version="1.0" encoding="UTF-8"?>
<!-- Generated by org.testng.reporters.JUnitReportReporter -->
<testsuite skipped="0" hostname="Shivanagayya" name="testPrograms.SubmitOrderTest" tests="3" failures="0" timestamp="01 Sep 2023 09:47:20 GMT" time="49.297" errors="0">
  <testcase name="submiteOrder" time="22.045" classname="testPrograms.SubmitOrderTest"/>
  <testcase name="orderHistoryTest" time="6.767" classname="testPrograms.SubmitOrderTest"/>
  <testcase name="submiteOrder" time="20.485" classname="testPrograms.SubmitOrderTest"/>
</testsuite> <!-- testPrograms.SubmitOrderTest -->
